2024-08-09 13:34:3416 info: Mongo DB connected
2024-08-09 13:34:3416 info: Server ready on port 3000
2024-08-09 13:34:3456 info: Mongo DB connected
2024-08-09 13:34:3456 info: Server ready on port 3000
2024-08-09 13:35:3500 info: Mongo DB connected
2024-08-09 13:35:3500 info: Server ready on port 3000
2024-08-09 13:38:3826 info: Mongo DB connected
2024-08-09 13:38:3826 info: Server ready on port 3000
2024-08-09 13:40:4029 info: Mongo DB connected
2024-08-09 13:40:4029 info: Server ready on port 3000
2024-08-09 13:41:4155 info: Mongo DB connected
2024-08-09 13:41:4155 info: Server ready on port 3000
2024-08-09 13:42:4254 info: Mongo DB connected
2024-08-09 13:42:4254 info: Server ready on port 3000
2024-08-09 13:42:4256 info: Mongo DB connected
2024-08-09 13:42:4256 info: Server ready on port 3000
2024-08-09 13:43:4307 info: Mongo DB connected
2024-08-09 13:43:4307 info: Server ready on port 3000
2024-08-09 13:43:4330 info: Mongo DB connected
2024-08-09 13:43:4330 info: Server ready on port 3000
2024-08-09 13:43:4344 info: Mongo DB connected
2024-08-09 13:43:4344 info: Server ready on port 3000
2024-08-09 13:43:4346 info: Mongo DB connected
2024-08-09 13:43:4346 info: Server ready on port 3000
2024-08-09 13:44:4403 info: Mongo DB connected
2024-08-09 13:44:4403 info: Server ready on port 3000
2024-08-09 13:44:4404 info: Mongo DB connected
2024-08-09 13:44:4404 info: Server ready on port 3000
2024-08-09 13:44:4416 info: Mongo DB connected
2024-08-09 13:44:4416 info: Server ready on port 3000
2024-08-09 13:44:4419 info: Mongo DB connected
2024-08-09 13:44:4419 info: Server ready on port 3000
2024-08-09 13:44:4422 info: Mongo DB connected
2024-08-09 13:44:4422 info: Server ready on port 3000
2024-08-09 13:44:4423 info: Mongo DB connected
2024-08-09 13:44:4423 info: Server ready on port 3000
2024-08-09 13:44:4425 info: Mongo DB connected
2024-08-09 13:44:4425 info: Server ready on port 3000
2024-08-09 13:44:4427 info: Mongo DB connected
2024-08-09 13:44:4427 info: Server ready on port 3000
2024-08-09 13:44:4430 info: Mongo DB connected
2024-08-09 13:44:4430 info: Server ready on port 3000
2024-08-09 15:00:058 info: Mongo DB connected
2024-08-09 15:00:058 info: Server ready on port 3000
2024-08-09 15:01:127 info: Mongo DB connected
2024-08-09 15:01:127 info: Server ready on port 3000
2024-08-09 15:01:134 info: Mongo DB connected
2024-08-09 15:01:134 info: Server ready on port 3000
2024-08-09 15:01:136 info: Mongo DB connected
2024-08-09 15:01:136 info: Server ready on port 3000
2024-08-09 15:01:138 info: Mongo DB connected
2024-08-09 15:01:138 info: Server ready on port 3000
2024-08-09 15:02:256 info: Mongo DB connected
2024-08-09 15:02:256 info: Server ready on port 3000
2024-08-09 15:03:350 info: Mongo DB connected
2024-08-09 15:03:350 info: Server ready on port 3000
2024-08-09 15:03:353 info: Mongo DB connected
2024-08-09 15:03:353 info: Server ready on port 3000
2024-08-09 15:03:358 info: Mongo DB connected
2024-08-09 15:03:358 info: Server ready on port 3000
2024-08-09 15:04:405 info: Mongo DB connected
2024-08-09 15:04:405 info: Server ready on port 3000
2024-08-09 15:04:407 info: Mongo DB connected
2024-08-09 15:04:407 info: Server ready on port 3000
2024-08-09 15:04:410 info: Mongo DB connected
2024-08-09 15:04:410 info: Server ready on port 3000
2024-08-09 15:04:415 info: Mongo DB connected
2024-08-09 15:04:415 info: Server ready on port 3000
2024-08-09 15:04:417 info: Mongo DB connected
2024-08-09 15:04:417 info: Server ready on port 3000
2024-08-09 15:04:420 info: Mongo DB connected
2024-08-09 15:04:420 info: Server ready on port 3000
2024-08-09 15:04:423 info: Mongo DB connected
2024-08-09 15:04:423 info: Server ready on port 3000
2024-08-09 15:04:425 info: Mongo DB connected
2024-08-09 15:04:425 info: Server ready on port 3000
2024-08-09 15:04:426 info: Mongo DB connected
2024-08-09 15:04:426 info: Server ready on port 3000
2024-08-09 15:04:429 info: Mongo DB connected
2024-08-09 15:04:429 info: Server ready on port 3000
2024-08-09 15:06:637 info: Mongo DB connected
2024-08-09 15:06:637 info: Server ready on port 3000
2024-08-09 15:06:652 info: Mongo DB connected
2024-08-09 15:06:652 info: Server ready on port 3000
2024-08-09 15:07:717 info: Mongo DB connected
2024-08-09 15:07:717 info: Server ready on port 3000
2024-08-09 15:07:746 info: Esto es un log de info
2024-08-09 15:07:746 warn: Esto es un log de warning
2024-08-09 15:07:746 error: Esto es un log de error
2024-08-09 15:07:746 http: Esto es un log de http
2024-08-09 15:08:812 info: Mongo DB connected
2024-08-09 15:08:812 info: Server ready on port 3000
2024-08-09 15:08:816 info: Mongo DB connected
2024-08-09 15:08:816 info: Server ready on port 3000
2024-08-09 15:08:825 info: Mongo DB connected
2024-08-09 15:08:825 info: Server ready on port 3000
2024-08-09 15:08:832 info: Mongo DB connected
2024-08-09 15:08:832 info: Server ready on port 3000
2024-08-09 15:08:834 info: Mongo DB connected
2024-08-09 15:08:834 info: Server ready on port 3000
2024-08-09 15:08:837 info: Esto es un log de info
2024-08-09 15:08:837 warn: Esto es un log de warning
2024-08-09 15:08:837 error: Esto es un log de error
2024-08-09 15:08:837 http: Esto es un log de http
2024-08-09 15:08:847 info: Mongo DB connected
2024-08-09 15:08:847 info: Server ready on port 3000
2024-08-09 15:09:905 info: Esto es un log de info
2024-08-09 15:09:905 warn: Esto es un log de warning
2024-08-09 15:09:905 error: Esto es un log de error
2024-08-09 15:09:905 http: Esto es un log de http
2024-08-09 15:09:924 info: Mongo DB connected
2024-08-09 15:09:924 info: Server ready on port 3000
2024-08-09 15:09:928 info: Mongo DB connected
2024-08-09 15:09:928 info: Server ready on port 3000
2024-08-09 15:09:941 info: Mongo DB connected
2024-08-09 15:09:941 info: Server ready on port 3000
2024-08-09 15:09:944 info: Mongo DB connected
2024-08-09 15:09:944 info: Server ready on port 3000
2024-08-09 15:10:1006 error: Esto es un log de error
2024-08-09 15:10:1006 warn: Esto es un log de warning
2024-08-09 15:10:1006 info: Esto es un log de info
2024-08-09 15:10:1006 http: Esto es un log de http
2024-08-09 15:12:1231 info: Mongo DB connected
2024-08-09 15:12:1231 info: Server ready on port 3000
2024-08-09 15:13:1313 info: Mongo DB connected
2024-08-09 15:13:1313 info: Server ready on port 3000
2024-08-09 15:13:1316 info: Mongo DB connected
2024-08-09 15:13:1316 info: Server ready on port 3000
2024-08-09 15:13:1328 error: Esto es un log de error
2024-08-09 15:13:1328 warn: Esto es un log de warning
2024-08-09 15:13:1328 info: Esto es un log de info
2024-08-09 15:13:1328 http: Esto es un log de http
2024-08-09 15:14:1402 error: Esto es un log de error
2024-08-09 15:14:1402 warn: Esto es un log de warning
2024-08-09 15:14:1402 info: Esto es un log de info
2024-08-09 15:14:1402 http: Esto es un log de http
2024-08-09 15:23:2358 info: Mongo DB connected
2024-08-09 15:23:2358 info: Server ready on port 3000
2024-08-09 15:24:2403 info: Mongo DB connected
2024-08-09 15:24:2403 info: Server ready on port 3000
2024-08-09 15:24:2423 info: Mongo DB connected
2024-08-09 15:24:2423 info: Server ready on port 3000
2024-08-09 15:24:2426 error: Esto es un log de error
2024-08-09 15:24:2426 warn: Esto es un log de warning
2024-08-09 15:24:2426 info: Esto es un log de info
2024-08-09 15:24:2426 http: Esto es un log de http
2024-08-09 15:24:2451 info: Mongo DB connected
2024-08-09 15:24:2451 info: Server ready on port 3000
2024-08-09 15:25:2546 info: Mongo DB connected
2024-08-09 15:25:2546 info: Server ready on port 3000
