2024-08-06 09:24:2405 error: Product id 6643818f59267f22ecb1ac51 not found
2024-08-06 09:25:2507 error: Cast to ObjectId failed for value "6643818f59267f22ecb1ac5" (type string) at path "_id" for model "products"
2024-08-06 09:25:2510 error: Product id 6643818f59267f22ecb1ac51 not found
2024-08-06 09:53:5355 error: Internal Server Error
2024-08-06 09:54:5417 error: Internal Server Error
2024-08-06 09:55:5533 error: Cast to ObjectId failed for value "6643818f59267f22ecb1ac5" (type string) at path "_id" for model "products"
2024-08-09 15:07:746 warn: Esto es un log de warning
2024-08-09 15:07:746 error: Esto es un log de error
2024-08-09 15:08:837 warn: Esto es un log de warning
2024-08-09 15:08:837 error: Esto es un log de error
2024-08-09 15:09:905 warn: Esto es un log de warning
2024-08-09 15:09:905 error: Esto es un log de error
2024-08-09 15:10:1006 error: Esto es un log de error
2024-08-09 15:10:1006 warn: Esto es un log de warning
2024-08-09 15:13:1328 error: Esto es un log de error
2024-08-09 15:13:1328 warn: Esto es un log de warning
2024-08-09 15:14:1402 error: Esto es un log de error
2024-08-09 15:14:1402 warn: Esto es un log de warning
2024-08-09 15:24:2426 error: Esto es un log de error
2024-08-09 15:24:2426 warn: Esto es un log de warning
2024-08-23 11:21:2143 error: [POST] /api/user/reset-password - data and hash arguments required
2024-08-23 11:42:4227 error: products validation failed: category: Path `category` is required.
2024-08-23 11:42:4227 error:  - products validation failed: category: Path `category` is required.
2024-08-23 13:46:4614 error: User not authorized
2024-08-23 14:01:158 error: User not authorized
2024-08-23 14:03:355 error: User not authorized
2024-08-23 14:12:1233 error: User not authorized
2024-08-23 14:13:1319 error: User not authorized
2024-08-23 14:14:1415 error: User not authorized
2024-08-28 15:47:4723 error: Cast to ObjectId failed for value "dfgg" (type string) at path "_id" for model "products"
2024-08-28 15:47:4723 error: _id - Cast to ObjectId failed for value "dfgg" (type string) at path "_id" for model "products"
2024-09-06 14:53:5344 error: Product id 66dafb576a2ebdfae179ee5d not found
2024-09-06 14:54:5416 error: Product id 66dafb781963cefb59bc87af not found
2024-09-06 14:54:5428 error: Product id 66dafb841963cefb59bc87b5 not found
2024-09-06 17:55:5510 error: Cast to ObjectId failed for value "undefined" (type string) at path "_id" for model "carts"
2024-09-06 17:55:5510 error: _id - Cast to ObjectId failed for value "undefined" (type string) at path "_id" for model "carts"
2024-09-06 17:59:5926 error: userDto is not defined
2024-09-06 17:59:5926 error:  - userDto is not defined
2024-09-10 11:02:219 error: Cast to ObjectId failed for value "undefined" (type string) at path "_id" for model "carts"
2024-09-10 11:02:219 error: _id - Cast to ObjectId failed for value "undefined" (type string) at path "_id" for model "carts"
2024-09-10 11:02:219 error: Cast to ObjectId failed for value "undefined" (type string) at path "_id" for model "carts"
2024-09-10 11:02:219 error: _id - Cast to ObjectId failed for value "undefined" (type string) at path "_id" for model "carts"
2024-09-10 11:15:1547 error: Cast to ObjectId failed for value "undefined" (type string) at path "_id" for model "carts"
2024-09-10 11:15:1547 error: _id - Cast to ObjectId failed for value "undefined" (type string) at path "_id" for model "carts"
2024-09-10 11:15:1547 error: Cast to ObjectId failed for value "undefined" (type string) at path "_id" for model "carts"
2024-09-10 11:15:1547 error: _id - Cast to ObjectId failed for value "undefined" (type string) at path "_id" for model "carts"
2024-09-10 11:39:3921 error: Cast to ObjectId failed for value "undefined" (type string) at path "_id" for model "carts"
2024-09-10 11:39:3921 error: _id - Cast to ObjectId failed for value "undefined" (type string) at path "_id" for model "carts"
2024-09-10 11:41:4151 error: Cast to ObjectId failed for value "undefined" (type string) at path "_id" for model "carts"
2024-09-10 11:41:4151 error: _id - Cast to ObjectId failed for value "undefined" (type string) at path "_id" for model "carts"
2024-09-10 11:42:4215 error: Cast to ObjectId failed for value "undefined" (type string) at path "_id" for model "carts"
2024-09-10 11:42:4215 error: _id - Cast to ObjectId failed for value "undefined" (type string) at path "_id" for model "carts"
2024-09-18 16:54:5403 error: [POST] /api/user/:uid/documents - Cast to ObjectId failed for value ":uid" (type string) at path "_id" for model "users"
2024-09-18 16:56:5612 error: [POST] /api/user/:uid/documents - Cast to ObjectId failed for value ":uid" (type string) at path "_id" for model "users"
2024-09-18 16:56:5658 error: [POST] /api/user/:uid/documents - Cast to ObjectId failed for value ":uid" (type string) at path "_id" for model "users"
2024-09-18 16:57:5712 error: [POST] /api/user/:uid/documents - Cast to ObjectId failed for value ":uid" (type string) at path "_id" for model "users"
2024-09-18 16:57:5757 error: [POST] /api/user/:uid/documents - Cast to ObjectId failed for value ":uid" (type string) at path "_id" for model "users"
2024-09-18 16:58:5838 error: [POST] /api/user/:uid/documents - Cast to ObjectId failed for value ":uid" (type string) at path "_id" for model "users"
2024-09-18 16:59:5931 error:  - Unexpected field
2024-09-19 11:05:503 error:  - Unexpected field
2024-09-19 11:06:610 error:  - Unexpected field
2024-09-19 11:26:2638 error: [POST] /api/user/:uid/documents - Cast to ObjectId failed for value ":uid" (type string) at path "_id" for model "users"
